<?xml version="1.0" encoding="UTF-8"?>
<testsuite name="com.duckcraftian.gildedlibrary.core.system.records.WeaponRecordTest" tests="2" skipped="0" failures="0" errors="0" timestamp="2026-03-02T11:14:23.308Z" hostname="Nitro-AN515-54" time="0.007">
  <properties/>
  <testcase name="testItemRecordBuildsCorrectly()" classname="com.duckcraftian.gildedlibrary.core.system.records.WeaponRecordTest" time="0.004"/>
  <testcase name="testWeaponRecordBuildsCorrectly()" classname="com.duckcraftian.gildedlibrary.core.system.records.WeaponRecordTest" time="0.002"/>
  <system-out><![CDATA[]]></system-out>
  <system-err><![CDATA[]]></system-err>
</testsuite>
